This file contains any messages produced by compilers while
running configure, to aid debugging if configure makes a mistake.

It was created by  2.49b, executed with
 > ./configure LDFLAGS=-R/usr/local/lib --enable-shared --disable-static

on scooby:

uname -m = sun4u
uname -r = 5.6
uname -s = SunOS
uname -v = Generic_105181-17

/usr/bin/uname -p = sparc
/bin/uname -X     = System = SunOS
Node = scooby
Release = 5.6
KernelID = Generic_105181-17
Machine = sun4u
BusType = <unknown>
Serial = <unknown>
Users = <unknown>
OEM# = 0
Origin# = 1
NumCPU = 1

/bin/arch              = sun4
/usr/bin/arch -k       = sun4u
/usr/convex/getsysinfo = 
hostinfo               = 
/bin/machine           = 
/usr/bin/oslevel       = 
/bin/universe          = 

PATH = /home/bfriesen/shell:/home/bfriesen/perl:/usr/local/bin:/usr/ccs/bin:/usr/xpg4/bin:/usr/bin:/usr/sbin:/usr/ucb:/usr/proc/bin:/usr/dt/bin:/usr/openwin/bin:/usr/openwin/demo:/usr/lib/lp/postscript:.
configure:901: checking build system type
configure:917: result: sparc-sun-solaris2.6
configure:924: checking host system type
configure:937: result: sparc-sun-solaris2.6
configure:944: checking target system type
configure:957: result: sparc-sun-solaris2.6
configure:972: checking whether build environment is sane
configure:1011: result: yes
configure:1026: checking for a BSD compatible install
configure:1075: result: /usr/local/bin/install -c
configure:1121: checking for mawk
configure:1146: result: no
configure:1121: checking for gawk
configure:1143: result: gawk
configure:1153: checking whether make sets ${MAKE}
configure:1173: result: yes
configure:1305: checking for gcc
configure:1327: result: gcc
configure:1548: checking whether the C compiler works
configure:1563: gcc -o conftest  -D_UNIX  -R/usr/local/lib conftest.c  >&5
configure:1567: ./conftest
configure:1579: result: yes
configure:1590: checking whether we are cross compiling
configure:1592: result: no
configure:1595: checking whether we are using the GNU C compiler
configure:1616: gcc -c  -D_UNIX  conftest.c >&5
configure:1627: result: yes
configure:1630: checking for object suffix
configure:1647: gcc -c  -D_UNIX  conftest.c >&5
configure:1661: result: o
configure:1666: checking for executable suffix
configure:1686: gcc -o conftest  -D_UNIX  -R/usr/local/lib conftest.c  >&5
configure:1706: result: 
configure:1714: checking whether gcc accepts -g
configure:1732: gcc -c -g -D_UNIX  conftest.c >&5
configure:1741: result: yes
configure:1761: checking how to run the C preprocessor
configure:1786: gcc -E -D_UNIX  conftest.c >/dev/null 2>conftest.err
configure:1805: gcc -E -D_UNIX  conftest.c >/dev/null 2>conftest.err
configure:1895: result: gcc -E
configure:1904: checking dependency style of gcc
configure:1948: result: gcc
configure:1952: checking how to run the C preprocessor
configure:2041: gcc -E -D_UNIX  conftest.c >/dev/null 2>conftest.err
configure:2060: gcc -E -D_UNIX  conftest.c >/dev/null 2>conftest.err
configure:2086: result: gcc -E
configure:2103: checking for ld used by GCC
configure:2166: result: /usr/ccs/bin/ld
configure:2174: checking if the linker (/usr/ccs/bin/ld) is GNU ld
configure:2186: result: no
configure:2202: checking for a BSD compatible install
configure:2251: result: /usr/local/bin/install -c
configure:2262: checking whether make sets ${MAKE}
configure:2282: result: yes
configure:2291: checking whether ln -s works
configure:2310: result: yes
configure:2323: checking for gcc option to accept ANSI C
configure:2380: gcc  -c -g -O2 -D_UNIX  conftest.c >&5
configure:2396: result: none needed
configure:2404: checking for an ANSI C-conforming const
configure:2468: gcc -c -g -O2 -D_UNIX  conftest.c >&5
configure:2477: result: yes
configure:2487: checking for inline
configure:2503: gcc -c -g -O2 -D_UNIX  conftest.c >&5
configure:2513: result: inline
configure:2528: checking whether byte ordering is bigendian
configure:2553: gcc -c -g -O2 -D_UNIX  conftest.c >&5
configure: In function `main':
configure:2544: `bogus' undeclared (first use in this function)
configure:2544: (Each undeclared identifier is reported only once
configure:2544: for each function it appears in.)
configure:2544: parse error before `endian'
configure: failed program was:
#line 2536 "configure"
#include "confdefs.h"
#include <sys/types.h>
#include <sys/param.h>

int
main ()
{
#if !BYTE_ORDER || !BIG_ENDIAN || !LITTLE_ENDIAN
 bogus endian macros
#endif

  ;
  return 0;
}
configure:2608: gcc -o conftest -g -O2 -D_UNIX  -R/usr/local/lib conftest.c  >&5
configure: program exited with status 1
configure: failed program was:
#line 2592 "configure"
#include "confdefs.h"
int
main ()
{
  /* Are we little or big endian?  From Harbison&Steele.  */
  union
  {
    long l;
    char c[sizeof (long)];
  } u;
  u.l = 1;
  exit (u.c[sizeof (long) - 1] == 1);
}
configure:2625: result: yes
configure:2716: checking for /usr/ccs/bin/ld option to reload object files
configure:2723: result: -r
configure:2728: checking for BSD-compatible nm
configure:2764: result: /usr/ccs/bin/nm -p
configure:2767: checking how to recognise dependant libraries
configure:2905: result: pass_all
configure:3088: checking for ranlib
configure:3111: result: ranlib
configure:3160: checking for strip
configure:3183: result: strip
ltconfig:675:checking for gcc option to produce PIC
ltconfig:684:checking that gcc PIC flag -fPIC -DPIC works.
ltconfig:694: gcc -c -g -O2 -fPIC -DPIC -DPIC -D_UNIX  conftest.c 1>&5
ltconfig:746: checking if gcc static flag -static works
ltconfig:755: gcc -o conftest -g -O2 -D_UNIX  -R/usr/local/lib -static conftest.c  1>&5
ltconfig:792: checking if gcc supports -c -o file.o
ltconfig:793: gcc -c -g -O2 -o out/conftest2.o -D_UNIX  conftest.c 1>&5
ltconfig:846: checking if gcc supports -fno-rtti -fno-exceptions
ltconfig:847: gcc -c -g -O2 -fno-rtti -fno-exceptions -c conftest.c -D_UNIX  conftest.c 1>&5
ltconfig:1309: checking if global_symbol_pipe works
ltconfig:1310: gcc -c -g -O2 -D_UNIX  conftest.c 1>&5
ltconfig:1313: eval "/usr/ccs/bin/nm -p conftest.o | sed -n -e 's/^.*[ 	]\([BDT]\)[ 	][ 	]*\(\)\([_A-Za-z][_A-Za-z0-9]*\)$/\1 \2\3 \3/p' > conftest.nm"
ltconfig:1365: gcc -o conftest -g -O2 -fno-builtin -fno-rtti -fno-exceptions -D_UNIX  -R/usr/local/lib conftest.c conftstm.o 1>&5
configure:3437: checking for g++
configure:3459: result: g++
configure:3473: checking whether the C++ compiler works
configure:3491: g++ -o conftest  -D_UNIX  -R/usr/local/lib conftest.cc  >&5
configure:3495: ./conftest
configure:3507: result: yes
configure:3518: checking whether we are cross compiling
configure:3520: result: no
configure:3523: checking whether we are using the GNU C++ compiler
configure:3547: g++ -c  -D_UNIX  conftest.cc >&5
configure:3558: result: yes
configure:3565: checking whether g++ accepts -g
configure:3586: g++ -c -g -D_UNIX  conftest.cc >&5
configure:3595: result: yes
configure:3613: checking how to run the C++ preprocessor
configure:3637: g++ -E -D_UNIX  conftest.cc >/dev/null 2>conftest.err
configure:3659: g++ -E -D_UNIX  conftest.cc >/dev/null 2>conftest.err
configure:3755: result: g++ -E
configure:3764: checking dependency style of g++
configure:3808: result: gcc
g++ -E conftest.cc
ltconfig:675:checking for g++ option to produce PIC
ltconfig:684:checking that g++ PIC flag -fPIC -DPIC works.
ltconfig:694: g++ -c -g -O2 -fPIC -DPIC -DPIC -D_UNIX  conftest.cc 1>&5
ltconfig:746: checking if g++ static flag -static works
ltconfig:755: g++ -o conftest -g -O2 -D_UNIX  -R/usr/local/lib -static conftest.cc  1>&5
ltconfig:792: checking if g++ supports -c -o file.o
ltconfig:793: g++ -c -g -O2 -o out/conftest2.o -D_UNIX  conftest.cc 1>&5
ltconfig:846: checking if g++ supports -fno-rtti -fno-exceptions
ltconfig:847: g++ -c -g -O2 -fno-rtti -fno-exceptions -c conftest.cc -D_UNIX  conftest.cc 1>&5
ltconfig:1309: checking if global_symbol_pipe works
ltconfig:1310: g++ -c -g -O2 -D_UNIX  conftest.cc 1>&5
ltconfig:1313: eval "/usr/ccs/bin/nm -p conftest.o | sed -n -e 's/^.*[ 	]\([BDT]\)[ 	][ 	]*\(\)\([_A-Za-z][_A-Za-z0-9]*\)$/\1 \2\3 \3/p' > conftest.nm"
ltconfig:1365: g++ -o conftest -g -O2 -fno-builtin -fno-rtti -fno-exceptions -D_UNIX  -R/usr/local/lib conftest.cc conftstm.o 1>&5

Cache variables:
| ac_cv_build='sparc-sun-solaris2.6'
| ac_cv_build_alias='sparc-sun-solaris2.6'
| ac_cv_c_bigendian='yes'
| ac_cv_c_compiler_gnu='yes'
| ac_cv_c_const='yes'
| ac_cv_c_inline='inline'
| ac_cv_cxx_compiler_gnu='yes'
| ac_cv_env_CC_set='set'
| ac_cv_env_CC_value='gcc'
| ac_cv_env_CFLAGS_set=''
| ac_cv_env_CFLAGS_value=''
| ac_cv_env_CXXFLAGS_set=''
| ac_cv_env_CXXFLAGS_value=''
| ac_cv_env_CXX_set=''
| ac_cv_env_CXX_value=''
| ac_cv_env_build_alias_set=''
| ac_cv_env_build_alias_value=''
| ac_cv_env_host_alias_set=''
| ac_cv_env_host_alias_value=''
| ac_cv_env_target_alias_set=''
| ac_cv_env_target_alias_value=''
| ac_cv_exeext=''
| ac_cv_host='sparc-sun-solaris2.6'
| ac_cv_host_alias='sparc-sun-solaris2.6'
| ac_cv_objext='o'
| ac_cv_path_LD='/usr/ccs/bin/ld'
| ac_cv_path_NM='/usr/ccs/bin/nm -p'
| ac_cv_path_install='/usr/local/bin/install -c'
| ac_cv_prog_AWK='gawk'
| ac_cv_prog_CPP='gcc -E'
| ac_cv_prog_CXXCPP='g++ -E'
| ac_cv_prog_LN_S='ln -s'
| ac_cv_prog_ac_ct_CC='gcc'
| ac_cv_prog_ac_ct_CXX='g++'
| ac_cv_prog_ac_ct_RANLIB='ranlib'
| ac_cv_prog_ac_ct_STRIP='strip'
| ac_cv_prog_cc_g='yes'
| ac_cv_prog_cc_stdc=''
| ac_cv_prog_cxx_g='yes'
| ac_cv_prog_gnu_ld='no'
| ac_cv_prog_make_make_set='yes'
| ac_cv_target='sparc-sun-solaris2.6'
| ac_cv_target_alias='sparc-sun-solaris2.6'
| am_cv_CC_dependencies_compiler_type='gcc'
| am_cv_CXX_dependencies_compiler_type='gcc'
| lt_cv_deplibs_check_method='pass_all'
| lt_cv_file_magic_cmd='$MAGIC_CMD'
| lt_cv_file_magic_test_file='/lib/libc.so'
| lt_cv_ld_reload_flag='-r'

confdefs.h:
| #define WORDS_BIGENDIAN 1
configure:3962: creating ./config.status
configure: exit 0
-----------------------------------------------------

This file was extended by config.status 2.49b, executed with
 > ./config.status 
on scooby

config.status:4400: creating Makefile
config.status:4400: creating basics/Makefile
config.status:4400: creating fpx/Makefile
config.status:4400: creating jpeg/Makefile
config.status:4400: creating ole/Makefile
config.status:4400: creating ri_image/Makefile
config.status:4400: creating oless/Makefile

----------------------------------------------------------------------

This file was extended by config.status 2.49b, executed with
 > ./config.status 
on scooby

config.status:4400: creating Makefile
